Build started 3/8/2021 5:36:37 PM.
     1>Project "C:\Users\knguy\documents\visual studio 2012\Projects\shoter\shoter\shoter.vcxproj" on node 2 (Build target(s)).
     1>ClCompile:
         C:\Program Files (x86)\Microsoft Visual Studio 11.0\VC\bin\CL.exe /c /ZI /nologo /W3 /WX- /Od /Oy- /D WIN32 /D _DEBUG /D _CONSOLE /D _UNICODE /D UNICODE /Gm /EHsc /RTC1 /MDd /GS /fp:precise /Zc:wchar_t /Zc:forScope /Fo"Debug\\" /Fd"Debug\vc110.pdb" /Gd /TP /analyze- /errorReport:prompt AmoObject.cpp Main.cpp
         Main.cpp
     1>c:\users\knguy\documents\visual studio 2012\projects\shoter\shoter\main.cpp(57): warning C4018: '<' : signed/unsigned mismatch
         AmoObject.cpp
     1>c:\users\knguy\documents\visual studio 2012\projects\shoter\shoter\amoobject.cpp(19): error C2511: 'void AmoObject::HandleMove(const int &,const int &,int)' : overloaded member function not found in 'AmoObject'
                 c:\users\knguy\documents\visual studio 2012\projects\shoter\shoter\amoobject.h(8) : see declaration of 'AmoObject'
     1>c:\users\knguy\documents\visual studio 2012\projects\shoter\shoter\amoobject.cpp(33): fatal error C1004: unexpected end-of-file found
         Generating Code...
     1>Done Building Project "C:\Users\knguy\documents\visual studio 2012\Projects\shoter\shoter\shoter.vcxproj" (Build target(s)) -- FAILED.

Build FAILED.

Time Elapsed 00:00:05.01
